[0m[2m[35m$[0m [2m[1mastro check && astro build[0m
[2m20:07:20[22m [34m[types][39m Added [1msrc/env.d.ts[22m type declarations.
[2m20:07:20[22m Types generated [2m50ms[22m
[2m20:07:20[22m [34m[check][39m Getting diagnostics for Astro files in /Users/fpeault/Desktop/nebulous-neutron/apps/website...
[96msvelte.config.js[0m:[93m3[0m:[93m55[0m - [93mwarning[0m[90m ts(7016): [0mCould not find a declaration file for module 'config/svelte.js'. '/Users/fpeault/Desktop/nebulous-neutron/packages/config/svelte.js' implicitly has an 'any' type.
  Try `npm i --save-dev @types/config` if it exists or add a new declaration (.d.ts) file containing `declare module 'config/svelte.js';`

[7m3[0m import { createSvelteConfig, globalSCSSImports } from 'config/svelte.js'
[7m [0m [93m                                                      ~~~~~~~~~~~~~~~~~~[0m

[1mResult (5 files): [22m
[2m-[22m [1m[31m0 errors[39m[22m
[2m-[22m [1m[33m0 warnings[39m[22m
[2m-[22m [2m1 hint
[22m
[2m20:07:21[22m [34m[types][39m Added [1msrc/env.d.ts[22m type declarations.
[2m20:07:21[22m [34m[build][39m output: [34m"static"[39m
[2m20:07:21[22m [34m[build][39m directory: [34m/Users/fpeault/Desktop/nebulous-neutron/apps/website/dist/[39m
[2m20:07:21[22m [34m[build][39m Collecting build info...
[2m20:07:21[22m [34m[build][39m [32m✓ Completed in 41ms.[39m
[2m20:07:21[22m [34m[build][39m Building static entrypoints...
[2m20:07:21[22m [34m[types][39m Added [1msrc/env.d.ts[22m type declarations.
The TypeScript option verbatimModuleSyntax is now required when using Svelte files with lang="ts". Please add it to your tsconfig.json.
[2K[1G[2K[1G[2K[1G[2K[1G[2K[1G[2K[1G[2K[1G[2K[1G[2m20:07:22[22m [34m[vite][39m [32m✓ built in 543ms[39m
[2m20:07:22[22m [34m[build][39m [32m✓ Completed in 560ms.[39m

[42m[30m building client (vite) [39m[49m
[2m20:07:22[22m [34m[types][39m Added [1msrc/env.d.ts[22m type declarations.
[2K[1Gtransforming (1) [2m../../node_modules/@astrojs/svelte/client.js[22m[2K[1G[2m20:07:22[22m [34m[vite][39m [32m✓[39m 1 modules transformed.
[2K[1Grendering chunks (1)...[2K[1G[2K[1Gcomputing gzip size (0)...[2K[1Gcomputing gzip size (1)...[2K[1G[2m20:07:22[22m [34m[vite][39m [2mdist/[22m[2m_astro/[22m[36mclient.Cx1FBVJX.js  [39m[1m[2m0.61 kB[22m[1m[22m[2m │ gzip: 0.42 kB[22m
[2m20:07:22[22m [34m[vite][39m [32m✓ built in 8ms[39m

[42m[30m generating static routes [39m[49m
[2m20:07:22[22m [32m▶[39m src/pages/index.astro
[2m20:07:22[22m   [34m└─[39m [2m/index.html[22mPortableText is not defined
  [1mStack trace:[22m
[2m    at file:///Users/fpeault/Desktop/nebulous-neutron/apps/website/dist/chunks/index_BfaN72pb.mjs:99:31
    at Object.render (file:///Users/fpeault/Desktop/nebulous-neutron/apps/website/dist/chunks/index_BfaN72pb.mjs:64:17)
    at renderFrameworkComponent (file:///Users/fpeault/Desktop/nebulous-neutron/apps/website/dist/chunks/astro/server_DaB4_YxL.mjs:1230:66)[22m
[0m[31merror[0m[2m:[0m script [1m"build"[0m exited with code 1[0m
